<?xml version="1.0" encoding="UTF-8"?>
<!-- Generated by org.testng.reporters.JUnitReportReporter -->
<testsuite hostname="LANSA-TEST" failures="5" tests="32" name="com.fusioncharts.licensevalidationtest.LicenseValidation" time="224.721" errors="1" timestamp="25 Aug 2020 09:43:03 GMT">
  <testcase classname="com.fusioncharts.licensevalidationtest.LicenseValidation" name="verifyWatermarkNotDisplayedForFusionChartXtModule" time="8.330"/>
  <testcase classname="com.fusioncharts.licensevalidationtest.LicenseValidation" name="verifyWatermarkNotDisplayedForPowerChartsXtModule" time="8.427"/>
  <testcase classname="com.fusioncharts.licensevalidationtest.LicenseValidation" name="verifyWatermarkNotDisplayedForFusionChartsXtModuleWithFC_FT_FW_FM_License" time="10.916"/>
  <testcase classname="com.fusioncharts.licensevalidationtest.LicenseValidation" name="verifyWatermarkNotDisplayedForFusionTimeModuleWithFC_FT_License" time="11.062"/>
  <testcase classname="com.fusioncharts.licensevalidationtest.LicenseValidation" name="verifyWatermarkDisplayedForPowerChartsModuleWithFC_FT_FW_FM_License" time="6.136">
    <error message="no such element: Unable to locate element: {&quot;method&quot;:&quot;css selector&quot;,&quot;selector&quot;:&quot;.fusioncharts\-container&quot;}
  (Session info: chrome=84.0.4147.125)
For documentation on this error, please visit: https://www.seleniumhq.org/exceptions/no_such_element.html
Build info: version: &#039;3.141.59&#039;, revision: &#039;e82be7d358&#039;, time: &#039;2018-11-14T08:17:03&#039;
System info: host: &#039;LANSA-TEST&#039;, ip: &#039;192.168.1.102&#039;, os.name: &#039;Windows 10&#039;, os.arch: &#039;amd64&#039;, os.version: &#039;10.0&#039;, java.version: &#039;13.0.2&#039;
Driver info: org.openqa.selenium.chrome.ChromeDriver
Capabilities {acceptInsecureCerts: false, browserName: chrome, browserVersion: 84.0.4147.125, chrome: {chromedriverVersion: 84.0.4147.30 (48b3e868b4cc0..., userDataDir: C:\Users\amurthy\AppData\Lo...}, goog:chromeOptions: {debuggerAddress: localhost:52608}, javascriptEnabled: true, networkConnectionEnabled: false, pageLoadStrategy: normal, platform: WINDOWS, platformName: WINDOWS, proxy: Proxy(), setWindowRect: true, strictFileInteractability: false, timeouts: {implicit: 0, pageLoad: 300000, script: 30000}, unhandledPromptBehavior: dismiss and notify, webauthn:virtualAuthenticators: true}
Session ID: c0bc82dafaf8dd6320b4765c16c87864
*** Element info: {Using=class name, value=fusioncharts-container}" type="org.openqa.selenium.NoSuchElementException">
      <![CDATA[org.openqa.selenium.NoSuchElementException: no such element: Unable to locate element: {"method":"css selector","selector":".fusioncharts\-container"}
  (Session info: chrome=84.0.4147.125)
For documentation on this error, please visit: https://www.seleniumhq.org/exceptions/no_such_element.html
Build info: version: '3.141.59', revision: 'e82be7d358', time: '2018-11-14T08:17:03'
System info: host: 'LANSA-TEST', ip: '192.168.1.102', os.name: 'Windows 10', os.arch: 'amd64', os.version: '10.0', java.version: '13.0.2'
Driver info: org.openqa.selenium.chrome.ChromeDriver
Capabilities {acceptInsecureCerts: false, browserName: chrome, browserVersion: 84.0.4147.125, chrome: {chromedriverVersion: 84.0.4147.30 (48b3e868b4cc0..., userDataDir: C:\Users\amurthy\AppData\Lo...}, goog:chromeOptions: {debuggerAddress: localhost:52608}, javascriptEnabled: true, networkConnectionEnabled: false, pageLoadStrategy: normal, platform: WINDOWS, platformName: WINDOWS, proxy: Proxy(), setWindowRect: true, strictFileInteractability: false, timeouts: {implicit: 0, pageLoad: 300000, script: 30000}, unhandledPromptBehavior: dismiss and notify, webauthn:virtualAuthenticators: true}
Session ID: c0bc82dafaf8dd6320b4765c16c87864
*** Element info: {Using=class name, value=fusioncharts-container}
	at jdk.internal.reflect.GeneratedConstructorAccessor82.newInstance(Unknown Source)
	at java.base/jdk.internal.reflect.DelegatingConstructorAccessorImpl.newInstance(DelegatingConstructorAccessorImpl.java:45)
	at java.base/java.lang.reflect.Constructor.newInstanceWithCaller(Constructor.java:500)
	at java.base/java.lang.reflect.Constructor.newInstance(Constructor.java:481)
	at org.openqa.selenium.remote.http.W3CHttpResponseCodec.createException(W3CHttpResponseCodec.java:187)
	at org.openqa.selenium.remote.http.W3CHttpResponseCodec.decode(W3CHttpResponseCodec.java:122)
	at org.openqa.selenium.remote.http.W3CHttpResponseCodec.decode(W3CHttpResponseCodec.java:49)
	at org.openqa.selenium.remote.HttpCommandExecutor.execute(HttpCommandExecutor.java:158)
	at org.openqa.selenium.remote.service.DriverCommandExecutor.execute(DriverCommandExecutor.java:83)
	at org.openqa.selenium.remote.RemoteWebDriver.execute(RemoteWebDriver.java:552)
	at org.openqa.selenium.remote.RemoteWebDriver.findElement(RemoteWebDriver.java:323)
	at org.openqa.selenium.remote.RemoteWebDriver.findElementByClassName(RemoteWebDriver.java:412)
	at org.openqa.selenium.By$ByClassName.findElement(By.java:389)
	at org.openqa.selenium.remote.RemoteWebDriver.findElement(RemoteWebDriver.java:315)
	at org.openqa.selenium.support.pagefactory.DefaultElementLocator.findElement(DefaultElementLocator.java:69)
	at org.openqa.selenium.support.pagefactory.internal.LocatingElementHandler.invoke(LocatingElementHandler.java:38)
	at com.sun.proxy.$Proxy11.isDisplayed(Unknown Source)
	at com.fusioncharts.pom.APIPageObjectModel.verifyIfChartMainContainerDisplayed(APIPageObjectModel.java:42)
	at com.fusioncharts.licensevalidationtest.LicenseValidation.verifyWatermarkDisplayedForPowerChartsModuleWithFC_FT_FW_FM_License(LicenseValidation.java:466)
	at java.base/jdk.internal.reflect.NativeMethodAccessorImpl.invoke0(Native Method)
	at java.base/jdk.internal.reflect.NativeMethodAccessorImpl.invoke(NativeMethodAccessorImpl.java:62)
	at java.base/jdk.internal.reflect.DelegatingMethodAccessorImpl.invoke(DelegatingMethodAccessorImpl.java:43)
	at java.base/java.lang.reflect.Method.invoke(Method.java:567)
	at org.testng.internal.MethodInvocationHelper.invokeMethod(MethodInvocationHelper.java:86)
	at org.testng.internal.Invoker.invokeMethod(Invoker.java:645)
	at org.testng.internal.Invoker.invokeTestMethod(Invoker.java:822)
	at org.testng.internal.Invoker.invokeTestMethods(Invoker.java:1130)
	at org.testng.internal.TestMethodWorker.invokeTestMethods(TestMethodWorker.java:129)
	at org.testng.internal.TestMethodWorker.run(TestMethodWorker.java:112)
	at org.testng.TestRunner.privateRun(TestRunner.java:782)
	at org.testng.TestRunner.run(TestRunner.java:632)
	at org.testng.SuiteRunner.runTest(SuiteRunner.java:366)
	at org.testng.SuiteRunner.runSequentially(SuiteRunner.java:361)
	at org.testng.SuiteRunner.privateRun(SuiteRunner.java:319)
	at org.testng.SuiteRunner.run(SuiteRunner.java:268)
	at org.testng.SuiteRunnerWorker.runSuite(SuiteRunnerWorker.java:52)
	at org.testng.SuiteRunnerWorker.run(SuiteRunnerWorker.java:86)
	at org.testng.TestNG.runSuitesSequentially(TestNG.java:1244)
	at org.testng.TestNG.runSuitesLocally(TestNG.java:1169)
	at org.testng.TestNG.run(TestNG.java:1064)
	at org.testng.remote.RemoteTestNG.run(RemoteTestNG.java:113)
	at org.testng.remote.RemoteTestNG.initAndRun(RemoteTestNG.java:206)
	at org.testng.remote.RemoteTestNG.main(RemoteTestNG.java:177)
]]>
    </error>
  </testcase> <!-- verifyWatermarkDisplayedForPowerChartsModuleWithFC_FT_FW_FM_License -->
  <testcase classname="com.fusioncharts.licensevalidationtest.LicenseValidation" name="verifyWatermarkNotDisplayedForFusionMapsModuleWithFW_FM_License" time="11.297"/>
  <testcase classname="com.fusioncharts.licensevalidationtest.LicenseValidation" name="verifyWatermarkDisplayedForFusionWidgetsXtModuleWithoutLicense" time="2.280"/>
  <testcase classname="com.fusioncharts.licensevalidationtest.LicenseValidation" name="verifyWatermarkDisplayedForFusionMapsXtModuleWithoutLicense" time="4.053"/>
  <testcase classname="com.fusioncharts.licensevalidationtest.LicenseValidation" name="verifyWatermarkNotDisplayedForFusionChartsSuiteModuleWithFusionTime" time="2.401">
    <failure message="watermark is not displayed for Fusion Time chart with FusionCharts Suite module with FT expected [false] but found [true]" type="java.lang.AssertionError">
      <![CDATA[java.lang.AssertionError: watermark is not displayed for Fusion Time chart with FusionCharts Suite module with FT expected [false] but found [true]
	at org.testng.Assert.fail(Assert.java:94)
	at org.testng.Assert.failNotEquals(Assert.java:513)
	at org.testng.Assert.assertFalse(Assert.java:63)
	at com.fusioncharts.licensevalidationtest.LicenseValidation.verifyWatermarkNotDisplayedForFusionChartsSuiteModuleWithFusionTime(LicenseValidation.java:274)
	at java.base/jdk.internal.reflect.NativeMethodAccessorImpl.invoke0(Native Method)
	at java.base/jdk.internal.reflect.NativeMethodAccessorImpl.invoke(NativeMethodAccessorImpl.java:62)
	at java.base/jdk.internal.reflect.DelegatingMethodAccessorImpl.invoke(DelegatingMethodAccessorImpl.java:43)
	at java.base/java.lang.reflect.Method.invoke(Method.java:567)
	at org.testng.internal.MethodInvocationHelper.invokeMethod(MethodInvocationHelper.java:86)
	at org.testng.internal.Invoker.invokeMethod(Invoker.java:645)
	at org.testng.internal.Invoker.invokeTestMethod(Invoker.java:822)
	at org.testng.internal.Invoker.invokeTestMethods(Invoker.java:1130)
	at org.testng.internal.TestMethodWorker.invokeTestMethods(TestMethodWorker.java:129)
	at org.testng.internal.TestMethodWorker.run(TestMethodWorker.java:112)
	at org.testng.TestRunner.privateRun(TestRunner.java:782)
	at org.testng.TestRunner.run(TestRunner.java:632)
	at org.testng.SuiteRunner.runTest(SuiteRunner.java:366)
	at org.testng.SuiteRunner.runSequentially(SuiteRunner.java:361)
	at org.testng.SuiteRunner.privateRun(SuiteRunner.java:319)
	at org.testng.SuiteRunner.run(SuiteRunner.java:268)
	at org.testng.SuiteRunnerWorker.runSuite(SuiteRunnerWorker.java:52)
	at org.testng.SuiteRunnerWorker.run(SuiteRunnerWorker.java:86)
	at org.testng.TestNG.runSuitesSequentially(TestNG.java:1244)
	at org.testng.TestNG.runSuitesLocally(TestNG.java:1169)
	at org.testng.TestNG.run(TestNG.java:1064)
	at org.testng.remote.RemoteTestNG.run(RemoteTestNG.java:113)
	at org.testng.remote.RemoteTestNG.initAndRun(RemoteTestNG.java:206)
	at org.testng.remote.RemoteTestNG.main(RemoteTestNG.java:177)
]]>
    </failure>
  </testcase> <!-- verifyWatermarkNotDisplayedForFusionChartsSuiteModuleWithFusionTime -->
  <testcase classname="com.fusioncharts.licensevalidationtest.LicenseValidation" name="verifyWatermarkNotDisplayedForFusionWidgetsXtModuleWithFC_FT_FW_FM_License" time="12.931"/>
  <testcase classname="com.fusioncharts.licensevalidationtest.LicenseValidation" name="verifyWatermarkDisplayedForMoreThanOneProduct" time="2.387"/>
  <testcase classname="com.fusioncharts.licensevalidationtest.LicenseValidation" name="verifyWatermarkNotDisplayedForFusionChartsXtModuleWithFC_PC_FT_License" time="10.430"/>
  <testcase classname="com.fusioncharts.licensevalidationtest.LicenseValidation" name="verifyWatermarkNotDisplayedForOnlyOneProductOrOneModuleWithCreditLabelFalse" time="8.292"/>
  <testcase classname="com.fusioncharts.licensevalidationtest.LicenseValidation" name="verifyWatermarkNotDisplayedForFusionWidgetsXtModule" time="8.506"/>
  <testcase classname="com.fusioncharts.licensevalidationtest.LicenseValidation" name="verifyWatermarkDisplayedForPowerChartsXtModuleWithoutLicense" time="2.476"/>
  <testcase classname="com.fusioncharts.licensevalidationtest.LicenseValidation" name="verifyWatermarkDisplayedForFusionTimeModuleWithoutLicense" time="2.410"/>
  <testcase classname="com.fusioncharts.licensevalidationtest.LicenseValidation" name="verifyWatermarkDisplayedForFusionWidgetsModuleWithFC_PC_FT_License" time="8.989">
    <failure message="watermark is not displayed for Fusion chart XT with FC, PC and FT modules enabled expected [true] but found [false]" type="java.lang.AssertionError">
      <![CDATA[java.lang.AssertionError: watermark is not displayed for Fusion chart XT with FC, PC and FT modules enabled expected [true] but found [false]
	at org.testng.Assert.fail(Assert.java:94)
	at org.testng.Assert.failNotEquals(Assert.java:513)
	at org.testng.Assert.assertTrue(Assert.java:42)
	at com.fusioncharts.licensevalidationtest.LicenseValidation.verifyWatermarkDisplayedForFusionWidgetsModuleWithFC_PC_FT_License(LicenseValidation.java:316)
	at java.base/jdk.internal.reflect.NativeMethodAccessorImpl.invoke0(Native Method)
	at java.base/jdk.internal.reflect.NativeMethodAccessorImpl.invoke(NativeMethodAccessorImpl.java:62)
	at java.base/jdk.internal.reflect.DelegatingMethodAccessorImpl.invoke(DelegatingMethodAccessorImpl.java:43)
	at java.base/java.lang.reflect.Method.invoke(Method.java:567)
	at org.testng.internal.MethodInvocationHelper.invokeMethod(MethodInvocationHelper.java:86)
	at org.testng.internal.Invoker.invokeMethod(Invoker.java:645)
	at org.testng.internal.Invoker.invokeTestMethod(Invoker.java:822)
	at org.testng.internal.Invoker.invokeTestMethods(Invoker.java:1130)
	at org.testng.internal.TestMethodWorker.invokeTestMethods(TestMethodWorker.java:129)
	at org.testng.internal.TestMethodWorker.run(TestMethodWorker.java:112)
	at org.testng.TestRunner.privateRun(TestRunner.java:782)
	at org.testng.TestRunner.run(TestRunner.java:632)
	at org.testng.SuiteRunner.runTest(SuiteRunner.java:366)
	at org.testng.SuiteRunner.runSequentially(SuiteRunner.java:361)
	at org.testng.SuiteRunner.privateRun(SuiteRunner.java:319)
	at org.testng.SuiteRunner.run(SuiteRunner.java:268)
	at org.testng.SuiteRunnerWorker.runSuite(SuiteRunnerWorker.java:52)
	at org.testng.SuiteRunnerWorker.run(SuiteRunnerWorker.java:86)
	at org.testng.TestNG.runSuitesSequentially(TestNG.java:1244)
	at org.testng.TestNG.runSuitesLocally(TestNG.java:1169)
	at org.testng.TestNG.run(TestNG.java:1064)
	at org.testng.remote.RemoteTestNG.run(RemoteTestNG.java:113)
	at org.testng.remote.RemoteTestNG.initAndRun(RemoteTestNG.java:206)
	at org.testng.remote.RemoteTestNG.main(RemoteTestNG.java:177)
]]>
    </failure>
  </testcase> <!-- verifyWatermarkDisplayedForFusionWidgetsModuleWithFC_PC_FT_License -->
  <testcase classname="com.fusioncharts.licensevalidationtest.LicenseValidation" name="verifyWatermarkNotDisplayedForFusionTimeModule" time="8.442"/>
  <testcase classname="com.fusioncharts.licensevalidationtest.LicenseValidation" name="verifyWatermarkNotDisplayedForFusionMapsXtModuleWithFC_FT_FW_FM_License" time="11.383"/>
  <testcase classname="com.fusioncharts.licensevalidationtest.LicenseValidation" name="verifyWatermarkDisplayedForOnlyOneProductWithCreditLabelTrue" time="2.221"/>
  <testcase classname="com.fusioncharts.licensevalidationtest.LicenseValidation" name="verifyWatermarkDisplayedForFusionChartsSuiteModuleWithoutFusionTime" time="2.377"/>
  <testcase classname="com.fusioncharts.licensevalidationtest.LicenseValidation" name="verifyWatermarkDisplayedForNoModule" time="2.342"/>
  <testcase classname="com.fusioncharts.licensevalidationtest.LicenseValidation" name="verifyWatermarkDisplayedForModuleValuesWithNoArrayObjects" time="2.200"/>
  <testcase classname="com.fusioncharts.licensevalidationtest.LicenseValidation" name="verifyWatermarkDisplayedForFusionChartXtModuleWithoutLicense" time="2.529"/>
  <testcase classname="com.fusioncharts.licensevalidationtest.LicenseValidation" name="verifyWatermarkDisplayedForFusionWidgetsXtModuleWithFC_FT_License" time="8.987">
    <failure message="watermark is displayed for Fusion Widgets with FC and FT modules enabled expected [true] but found [false]" type="java.lang.AssertionError">
      <![CDATA[java.lang.AssertionError: watermark is displayed for Fusion Widgets with FC and FT modules enabled expected [true] but found [false]
	at org.testng.Assert.fail(Assert.java:94)
	at org.testng.Assert.failNotEquals(Assert.java:513)
	at org.testng.Assert.assertTrue(Assert.java:42)
	at com.fusioncharts.licensevalidationtest.LicenseValidation.verifyWatermarkDisplayedForFusionWidgetsXtModuleWithFC_FT_License(LicenseValidation.java:400)
	at java.base/jdk.internal.reflect.NativeMethodAccessorImpl.invoke0(Native Method)
	at java.base/jdk.internal.reflect.NativeMethodAccessorImpl.invoke(NativeMethodAccessorImpl.java:62)
	at java.base/jdk.internal.reflect.DelegatingMethodAccessorImpl.invoke(DelegatingMethodAccessorImpl.java:43)
	at java.base/java.lang.reflect.Method.invoke(Method.java:567)
	at org.testng.internal.MethodInvocationHelper.invokeMethod(MethodInvocationHelper.java:86)
	at org.testng.internal.Invoker.invokeMethod(Invoker.java:645)
	at org.testng.internal.Invoker.invokeTestMethod(Invoker.java:822)
	at org.testng.internal.Invoker.invokeTestMethods(Invoker.java:1130)
	at org.testng.internal.TestMethodWorker.invokeTestMethods(TestMethodWorker.java:129)
	at org.testng.internal.TestMethodWorker.run(TestMethodWorker.java:112)
	at org.testng.TestRunner.privateRun(TestRunner.java:782)
	at org.testng.TestRunner.run(TestRunner.java:632)
	at org.testng.SuiteRunner.runTest(SuiteRunner.java:366)
	at org.testng.SuiteRunner.runSequentially(SuiteRunner.java:361)
	at org.testng.SuiteRunner.privateRun(SuiteRunner.java:319)
	at org.testng.SuiteRunner.run(SuiteRunner.java:268)
	at org.testng.SuiteRunnerWorker.runSuite(SuiteRunnerWorker.java:52)
	at org.testng.SuiteRunnerWorker.run(SuiteRunnerWorker.java:86)
	at org.testng.TestNG.runSuitesSequentially(TestNG.java:1244)
	at org.testng.TestNG.runSuitesLocally(TestNG.java:1169)
	at org.testng.TestNG.run(TestNG.java:1064)
	at org.testng.remote.RemoteTestNG.run(RemoteTestNG.java:113)
	at org.testng.remote.RemoteTestNG.initAndRun(RemoteTestNG.java:206)
	at org.testng.remote.RemoteTestNG.main(RemoteTestNG.java:177)
]]>
    </failure>
  </testcase> <!-- verifyWatermarkDisplayedForFusionWidgetsXtModuleWithFC_FT_License -->
  <testcase classname="com.fusioncharts.licensevalidationtest.LicenseValidation" name="verifyWatermarkDisplayedForFusionChartsXtModuleWithFW_FM_License" time="8.691">
    <failure message="watermark is displayed for FusionChartsXt with FW and FM modules enabled expected [true] but found [false]" type="java.lang.AssertionError">
      <![CDATA[java.lang.AssertionError: watermark is displayed for FusionChartsXt with FW and FM modules enabled expected [true] but found [false]
	at org.testng.Assert.fail(Assert.java:94)
	at org.testng.Assert.failNotEquals(Assert.java:513)
	at org.testng.Assert.assertTrue(Assert.java:42)
	at com.fusioncharts.licensevalidationtest.LicenseValidation.verifyWatermarkDisplayedForFusionChartsXtModuleWithFW_FM_License(LicenseValidation.java:358)
	at java.base/jdk.internal.reflect.NativeMethodAccessorImpl.invoke0(Native Method)
	at java.base/jdk.internal.reflect.NativeMethodAccessorImpl.invoke(NativeMethodAccessorImpl.java:62)
	at java.base/jdk.internal.reflect.DelegatingMethodAccessorImpl.invoke(DelegatingMethodAccessorImpl.java:43)
	at java.base/java.lang.reflect.Method.invoke(Method.java:567)
	at org.testng.internal.MethodInvocationHelper.invokeMethod(MethodInvocationHelper.java:86)
	at org.testng.internal.Invoker.invokeMethod(Invoker.java:645)
	at org.testng.internal.Invoker.invokeTestMethod(Invoker.java:822)
	at org.testng.internal.Invoker.invokeTestMethods(Invoker.java:1130)
	at org.testng.internal.TestMethodWorker.invokeTestMethods(TestMethodWorker.java:129)
	at org.testng.internal.TestMethodWorker.run(TestMethodWorker.java:112)
	at org.testng.TestRunner.privateRun(TestRunner.java:782)
	at org.testng.TestRunner.run(TestRunner.java:632)
	at org.testng.SuiteRunner.runTest(SuiteRunner.java:366)
	at org.testng.SuiteRunner.runSequentially(SuiteRunner.java:361)
	at org.testng.SuiteRunner.privateRun(SuiteRunner.java:319)
	at org.testng.SuiteRunner.run(SuiteRunner.java:268)
	at org.testng.SuiteRunnerWorker.runSuite(SuiteRunnerWorker.java:52)
	at org.testng.SuiteRunnerWorker.run(SuiteRunnerWorker.java:86)
	at org.testng.TestNG.runSuitesSequentially(TestNG.java:1244)
	at org.testng.TestNG.runSuitesLocally(TestNG.java:1169)
	at org.testng.TestNG.run(TestNG.java:1064)
	at org.testng.remote.RemoteTestNG.run(RemoteTestNG.java:113)
	at org.testng.remote.RemoteTestNG.initAndRun(RemoteTestNG.java:206)
	at org.testng.remote.RemoteTestNG.main(RemoteTestNG.java:177)
]]>
    </failure>
  </testcase> <!-- verifyWatermarkDisplayedForFusionChartsXtModuleWithFW_FM_License -->
  <testcase classname="com.fusioncharts.licensevalidationtest.LicenseValidation" name="verifyWatermarkDisplayedForFusionChartsXtModuleWithoutFC_PC_FT_License" time="9.075">
    <failure message="watermark is not displayed for Fusion chart XT with FC, PC and FT modules enabled expected [true] but found [false]" type="java.lang.AssertionError">
      <![CDATA[java.lang.AssertionError: watermark is not displayed for Fusion chart XT with FC, PC and FT modules enabled expected [true] but found [false]
	at org.testng.Assert.fail(Assert.java:94)
	at org.testng.Assert.failNotEquals(Assert.java:513)
	at org.testng.Assert.assertTrue(Assert.java:42)
	at com.fusioncharts.licensevalidationtest.LicenseValidation.verifyWatermarkDisplayedForFusionChartsXtModuleWithoutFC_PC_FT_License(LicenseValidation.java:302)
	at java.base/jdk.internal.reflect.NativeMethodAccessorImpl.invoke0(Native Method)
	at java.base/jdk.internal.reflect.NativeMethodAccessorImpl.invoke(NativeMethodAccessorImpl.java:62)
	at java.base/jdk.internal.reflect.DelegatingMethodAccessorImpl.invoke(DelegatingMethodAccessorImpl.java:43)
	at java.base/java.lang.reflect.Method.invoke(Method.java:567)
	at org.testng.internal.MethodInvocationHelper.invokeMethod(MethodInvocationHelper.java:86)
	at org.testng.internal.Invoker.invokeMethod(Invoker.java:645)
	at org.testng.internal.Invoker.invokeTestMethod(Invoker.java:822)
	at org.testng.internal.Invoker.invokeTestMethods(Invoker.java:1130)
	at org.testng.internal.TestMethodWorker.invokeTestMethods(TestMethodWorker.java:129)
	at org.testng.internal.TestMethodWorker.run(TestMethodWorker.java:112)
	at org.testng.TestRunner.privateRun(TestRunner.java:782)
	at org.testng.TestRunner.run(TestRunner.java:632)
	at org.testng.SuiteRunner.runTest(SuiteRunner.java:366)
	at org.testng.SuiteRunner.runSequentially(SuiteRunner.java:361)
	at org.testng.SuiteRunner.privateRun(SuiteRunner.java:319)
	at org.testng.SuiteRunner.run(SuiteRunner.java:268)
	at org.testng.SuiteRunnerWorker.runSuite(SuiteRunnerWorker.java:52)
	at org.testng.SuiteRunnerWorker.run(SuiteRunnerWorker.java:86)
	at org.testng.TestNG.runSuitesSequentially(TestNG.java:1244)
	at org.testng.TestNG.runSuitesLocally(TestNG.java:1169)
	at org.testng.TestNG.run(TestNG.java:1064)
	at org.testng.remote.RemoteTestNG.run(RemoteTestNG.java:113)
	at org.testng.remote.RemoteTestNG.initAndRun(RemoteTestNG.java:206)
	at org.testng.remote.RemoteTestNG.main(RemoteTestNG.java:177)
]]>
    </failure>
  </testcase> <!-- verifyWatermarkDisplayedForFusionChartsXtModuleWithoutFC_PC_FT_License -->
  <testcase classname="com.fusioncharts.licensevalidationtest.LicenseValidation" name="verifyWatermarkDisplayedForInvalidLicenseUtilityVersion" time="2.217"/>
  <testcase classname="com.fusioncharts.licensevalidationtest.LicenseValidation" name="verifyWatermarkNotDisplayedForFusionWidgetsModuleWithFW_FM_License" time="11.051"/>
  <testcase classname="com.fusioncharts.licensevalidationtest.LicenseValidation" name="verifyWatermarkNotDisplayedForFusionMapsXtModule" time="9.833"/>
  <testcase classname="com.fusioncharts.licensevalidationtest.LicenseValidation" name="verifyWatermarkNotDisplayedForFusionTimeModuleWithFC_FT_FW_FM_License" time="11.121"/>
  <testcase classname="com.fusioncharts.licensevalidationtest.LicenseValidation" name="verifyWatermarkNotDisplayedForFusionChartsXtModuleWithFC_FT_License" time="10.929"/>
</testsuite> <!-- com.fusioncharts.licensevalidationtest.LicenseValidation -->
